2022-06-05 20:15:21,277:INFO:PyCaret Supervised Module
2022-06-05 20:15:21,277:INFO:ML Usecase: regression
2022-06-05 20:15:21,277:INFO:version 2.3.6
2022-06-05 20:15:21,277:INFO:Initializing setup()
2022-06-05 20:15:21,278:INFO:setup(target=winPlacePerc, ml_usecase=regression, available_plots={'parameter': 'Hyperparameters', 'residuals': 'Residuals', 'error': 'Prediction Error', 'cooks': 'Cooks Distance', 'rfe': 'Feature Selection', 'learning': 'Learning Curve', 'manifold': 'Manifold Learning', 'vc': 'Validation Curve', 'feature': 'Feature Importance', 'feature_all': 'Feature Importance (All)', 'tree': 'Decision Tree', 'residuals_interactive': 'Interactive Residuals'}, train_size=0.7, test_data=None, preprocess=True, imputation_type=simple, iterative_imputation_iters=5, categorical_features=None, categorical_imputation=constant, categorical_iterative_imputer=lightgbm, ordinal_features=None, high_cardinality_features=None, high_cardinality_method=frequency, numeric_features=None, numeric_imputation=mean, numeric_iterative_imputer=lightgbm, date_features=None, ignore_features=None, normalize=False, normalize_method=zscore, transformation=False, transformation_method=yeo-johnson, handle_unknown_categorical=True, unknown_categorical_method=least_frequent, pca=False, pca_method=linear, pca_components=None, ignore_low_variance=False, combine_rare_levels=False, rare_level_threshold=0.1, bin_numeric_features=None, remove_outliers=False, outliers_threshold=0.05, remove_multicollinearity=False, multicollinearity_threshold=0.9, remove_perfect_collinearity=True, create_clusters=False, cluster_iter=20, polynomial_features=False, polynomial_degree=2, trigonometry_features=False, polynomial_threshold=0.1, group_features=None, group_names=None, feature_selection=False, feature_selection_threshold=0.8, feature_selection_method=classic, feature_interaction=False, feature_ratio=False, interaction_threshold=0.01, fix_imbalance=False, fix_imbalance_method=None, transform_target=False, transform_target_method=box-cox, data_split_shuffle=True, data_split_stratify=False, fold_strategy=kfold, fold=10, fold_shuffle=True, fold_groups=None, n_jobs=-1, use_gpu=False, custom_pipeline=None, html=True, session_id=None, log_experiment=False, experiment_name=None, log_plots=False, log_profile=False, log_data=False, silent=False, verbose=True, profile=False, profile_kwargs=None, display=None)
2022-06-05 20:15:21,278:INFO:Checking environment
2022-06-05 20:15:21,278:INFO:python_version: 3.8.5
2022-06-05 20:15:21,278:INFO:python_build: ('default', 'Sep  3 2020 21:29:08')
2022-06-05 20:15:21,278:INFO:machine: AMD64
2022-06-05 20:15:21,279:INFO:platform: Windows-10-10.0.19041-SP0
2022-06-05 20:15:21,279:INFO:Memory: svmem(total=34312966144, available=27611758592, percent=19.5, used=6701207552, free=27611758592)
2022-06-05 20:15:21,279:INFO:Physical Core: 4
2022-06-05 20:15:21,279:INFO:Logical Core: 4
2022-06-05 20:15:21,279:INFO:Checking libraries
2022-06-05 20:15:21,279:INFO:pd==1.1.3
2022-06-05 20:15:21,279:INFO:numpy==1.22.3
2022-06-05 20:15:21,279:INFO:sklearn==0.23.2
2022-06-05 20:15:21,279:INFO:lightgbm==3.3.2
2022-06-05 20:15:21,692:INFO:catboost==1.0.4
2022-06-05 20:15:21,752:INFO:xgboost==1.5.0
2022-06-05 20:15:22,864:INFO:mlflow==1.24.0
2022-06-05 20:15:22,864:INFO:Checking Exceptions
2022-06-05 20:15:22,865:INFO:Declaring global variables
2022-06-05 20:15:22,865:INFO:USI: cb4a
2022-06-05 20:15:22,865:INFO:pycaret_globals: {'transform_target_param', 'logging_param', 'fold_param', '_gpu_n_jobs_param', 'experiment__', '_all_metrics', 'html_param', 'iterative_imputation_iters_param', 'n_jobs_param', '_all_models', 'stratify_param', 'data_before_preprocess', 'fix_imbalance_param', 'fold_groups_param', 'prep_pipe', 'fold_shuffle_param', 'y', 'y_test', 'exp_name_log', 'display_container', 'imputation_classifier', 'gpu_param', '_available_plots', 'X', 'USI', 'fix_imbalance_method_param', 'X_train', '_all_models_internal', 'fold_generator', 'pycaret_globals', 'target_param', 'fold_groups_param_full', 'X_test', 'transform_target_method_param', 'create_model_container', '_ml_usecase', 'y_train', 'seed', '_internal_pipeline', 'imputation_regressor', 'log_plots_param', 'master_model_container'}
2022-06-05 20:15:22,865:INFO:Preparing display monitor
2022-06-05 20:15:22,865:INFO:Preparing display monitor
